<?xml version="1.0" encoding="UTF-8"?>
<testng-results ignored="0" total="1" passed="1" failed="0" skipped="0">
  <reporter-output>
  </reporter-output>
  <suite started-at="2020-09-14T20:48:56Z" name="yahoo login testng Test" finished-at="2020-09-14T20:49:07Z" duration-ms="11013">
    <groups>
    </groups>
    <test started-at="2020-09-14T20:48:56Z" name="Yahoo App Test" finished-at="2020-09-14T20:49:07Z" duration-ms="11013">
      <class name="com.parameters.ParameterTest">
        <test-method signature="yahooLoginTest(java.lang.String, java.lang.String, java.lang.String, java.lang.String)[pri:0, instance:com.parameters.ParameterTest@5fbe4146]" started-at="2020-09-14T20:48:56Z" name="yahooLoginTest" finished-at="2020-09-14T20:49:07Z" duration-ms="10991" status="PASS">
          <params>
            <param index="0">
              <value>
                <![CDATA[edge]]>
              </value>
            </param>
            <param index="1">
              <value>
                <![CDATA[https://login.yahoo.com/]]>
              </value>
            </param>
            <param index="2">
              <value>
                <![CDATA[nagaraju.ankamreddi@yahoo.com]]>
              </value>
            </param>
            <param index="3">
              <value>
                <![CDATA[$$aNr101cH]]>
              </value>
            </param>
          </params>
          <reporter-output>
          </reporter-output>
        </test-method> <!-- yahooLoginTest -->
      </class> <!-- com.parameters.ParameterTest -->
    </test> <!-- Yahoo App Test -->
  </suite> <!-- yahoo login testng Test -->
</testng-results>
